#! /usr/bin/vvp
:ivl_version "11.0 (stable)";
:ivl_delay_selection "TYPICAL";
:vpi_time_precision + 0;
:vpi_module "/usr/lib/x86_64-linux-gnu/ivl/system.vpi";
:vpi_module "/usr/lib/x86_64-linux-gnu/ivl/vhdl_sys.vpi";
:vpi_module "/usr/lib/x86_64-linux-gnu/ivl/vhdl_textio.vpi";
:vpi_module "/usr/lib/x86_64-linux-gnu/ivl/v2005_math.vpi";
:vpi_module "/usr/lib/x86_64-linux-gnu/ivl/va_math.vpi";
:vpi_module "/usr/lib/x86_64-linux-gnu/ivl/v2009.vpi";
S_0x55a4f2f17cf0 .scope package, "$unit" "$unit" 2 1;
 .timescale 0 0;
S_0x55a4f2f17e80 .scope module, "uart_rx_async_fifo" "uart_rx_async_fifo" 3 10;
 .timescale 0 0;
    .port_info 0 /INPUT 1 "WCLK";
    .port_info 1 /INPUT 1 "WRST";
    .port_info 2 /INPUT 1 "WEi";
    .port_info 3 /INPUT 8 "WDi";
    .port_info 4 /OUTPUT 1 "FULLo";
    .port_info 5 /OUTPUT 1 "AFULLo";
    .port_info 6 /INPUT 1 "RCLK";
    .port_info 7 /INPUT 1 "RRST";
    .port_info 8 /INPUT 1 "REi";
    .port_info 9 /OUTPUT 8 "RDo";
    .port_info 10 /OUTPUT 1 "EMPTYo";
    .port_info 11 /OUTPUT 1 "AEMPTYo";
P_0x55a4f2f18010 .param/l "DATA_WIDTH" 0 3 11, +C4<00000000000000000000000000001000>;
P_0x55a4f2f18050 .param/l "FIFO_DEPTH" 0 3 12, +C4<00000000000000000000000000010000>;
P_0x55a4f2f18090 .param/l "LOG2_DEPTH" 0 3 13, +C4<00000000000000000000000000000100>;
L_0x55a4f2f8c8a0 .functor XOR 5, v0x55a4f2f8a810_0, L_0x55a4f2f8c6b0, C4<00000>, C4<00000>;
L_0x55a4f2f8ceb0 .functor XOR 1, L_0x55a4f2f8cca0, L_0x55a4f2f8cd40, C4<0>, C4<0>;
L_0x55a4f2f8d2d0 .functor AND 1, L_0x55a4f2f8ceb0, L_0x55a4f2f8d1e0, C4<1>, C4<1>;
L_0x55a4f2f9d710 .functor XOR 5, v0x55a4f2f8a3b0_0, L_0x55a4f2f9dc60, C4<00000>, C4<00000>;
L_0x55a4f2f9ea90 .functor BUFZ 8, L_0x55a4f2f9e640, C4<00000000>, C4<00000000>, C4<00000000>;
v0x55a4f2f87cf0_0 .net "AEMPTYo", 0 0, L_0x55a4f2f9e3c0;  1 drivers
v0x55a4f2f87dd0_0 .net "AFULLo", 0 0, L_0x55a4f2f9d920;  1 drivers
v0x55a4f2f87e90_0 .net "EMPTYo", 0 0, L_0x55a4f2f9de70;  1 drivers
v0x55a4f2f87f60_0 .net "FULLo", 0 0, L_0x55a4f2f8d2d0;  1 drivers
o0x7ff2dbec3588 .functor BUFZ 1, C4<z>; HiZ drive
v0x55a4f2f88020_0 .net "RCLK", 0 0, o0x7ff2dbec3588;  0 drivers
v0x55a4f2f88130_0 .net "RDo", 7 0, L_0x55a4f2f9ea90;  1 drivers
o0x7ff2dbec35e8 .functor BUFZ 1, C4<z>; HiZ drive
v0x55a4f2f88210_0 .net "REi", 0 0, o0x7ff2dbec35e8;  0 drivers
o0x7ff2dbec3618 .functor BUFZ 1, C4<z>; HiZ drive
v0x55a4f2f882d0_0 .net "RRST", 0 0, o0x7ff2dbec3618;  0 drivers
o0x7ff2dbec3648 .functor BUFZ 1, C4<z>; HiZ drive
v0x55a4f2f88390_0 .net "WCLK", 0 0, o0x7ff2dbec3648;  0 drivers
o0x7ff2dbec3678 .functor BUFZ 8, C4<zzzzzzzz>; HiZ drive
v0x55a4f2f88450_0 .net "WDi", 7 0, o0x7ff2dbec3678;  0 drivers
o0x7ff2dbec36a8 .functor BUFZ 1, C4<z>; HiZ drive
v0x55a4f2f88530_0 .net "WEi", 0 0, o0x7ff2dbec36a8;  0 drivers
o0x7ff2dbec36d8 .functor BUFZ 1, C4<z>; HiZ drive
v0x55a4f2f885f0_0 .net "WRST", 0 0, o0x7ff2dbec36d8;  0 drivers
v0x55a4f2f886b0_0 .net *"_ivl_101", 7 0, L_0x55a4f2f9e640;  1 drivers
v0x55a4f2f88790_0 .net *"_ivl_104", 3 0, L_0x55a4f2f9e6e0;  1 drivers
v0x55a4f2f88870_0 .net *"_ivl_105", 5 0, L_0x55a4f2f9e900;  1 drivers
L_0x7ff2dbe7a258 .functor BUFT 1, C4<00>, C4<0>, C4<0>, C4<0>;
v0x55a4f2f88950_0 .net *"_ivl_108", 1 0, L_0x7ff2dbe7a258;  1 drivers
v0x55a4f2f88a30_0 .net *"_ivl_36", 4 0, L_0x55a4f2f8c6b0;  1 drivers
v0x55a4f2f88c20_0 .net *"_ivl_38", 3 0, L_0x55a4f2f8c610;  1 drivers
L_0x7ff2dbe7a018 .functor BUFT 1, C4<0>, C4<0>, C4<0>, C4<0>;
v0x55a4f2f88d00_0 .net *"_ivl_40", 0 0, L_0x7ff2dbe7a018;  1 drivers
v0x55a4f2f88de0_0 .net *"_ivl_48", 0 0, L_0x55a4f2f8caf0;  1 drivers
v0x55a4f2f88ec0_0 .net *"_ivl_50", 0 0, L_0x55a4f2f8cca0;  1 drivers
v0x55a4f2f88fa0_0 .net *"_ivl_52", 0 0, L_0x55a4f2f8cd40;  1 drivers
v0x55a4f2f89080_0 .net *"_ivl_53", 0 0, L_0x55a4f2f8ceb0;  1 drivers
v0x55a4f2f89140_0 .net *"_ivl_56", 3 0, L_0x55a4f2f8cfc0;  1 drivers
v0x55a4f2f89220_0 .net *"_ivl_58", 3 0, L_0x55a4f2f8d060;  1 drivers
v0x55a4f2f89300_0 .net *"_ivl_59", 0 0, L_0x55a4f2f8d1e0;  1 drivers
v0x55a4f2f893c0_0 .net *"_ivl_63", 31 0, L_0x55a4f2f8d3e0;  1 drivers
L_0x7ff2dbe7a060 .functor BUFT 1, C4<000000000000000000000000000>, C4<0>, C4<0>, C4<0>;
v0x55a4f2f894a0_0 .net *"_ivl_66", 26 0, L_0x7ff2dbe7a060;  1 drivers
v0x55a4f2f89580_0 .net *"_ivl_67", 31 0, L_0x55a4f2f9d580;  1 drivers
L_0x7ff2dbe7a0a8 .functor BUFT 1, C4<000000000000000000000000000>, C4<0>, C4<0>, C4<0>;
v0x55a4f2f89660_0 .net *"_ivl_70", 26 0, L_0x7ff2dbe7a0a8;  1 drivers
v0x55a4f2f89740_0 .net *"_ivl_71", 31 0, L_0x55a4f2f9d670;  1 drivers
L_0x7ff2dbe7a0f0 .functor BUFT 1, C4<00000000000000000000000000001111>, C4<0>, C4<0>, C4<0>;
v0x55a4f2f89820_0 .net/2u *"_ivl_73", 31 0, L_0x7ff2dbe7a0f0;  1 drivers
v0x55a4f2f89900_0 .net *"_ivl_77", 4 0, L_0x55a4f2f9dc60;  1 drivers
v0x55a4f2f89bf0_0 .net *"_ivl_79", 3 0, L_0x55a4f2f9da60;  1 drivers
L_0x7ff2dbe7a138 .functor BUFT 1, C4<0>, C4<0>, C4<0>, C4<0>;
v0x55a4f2f89cd0_0 .net *"_ivl_81", 0 0, L_0x7ff2dbe7a138;  1 drivers
v0x55a4f2f89db0_0 .net *"_ivl_87", 31 0, L_0x55a4f2f9e030;  1 drivers
L_0x7ff2dbe7a180 .functor BUFT 1, C4<000000000000000000000000000>, C4<0>, C4<0>, C4<0>;
v0x55a4f2f89e90_0 .net *"_ivl_90", 26 0, L_0x7ff2dbe7a180;  1 drivers
v0x55a4f2f89f70_0 .net *"_ivl_91", 31 0, L_0x55a4f2f9e120;  1 drivers
L_0x7ff2dbe7a1c8 .functor BUFT 1, C4<000000000000000000000000000>, C4<0>, C4<0>, C4<0>;
v0x55a4f2f8a050_0 .net *"_ivl_94", 26 0, L_0x7ff2dbe7a1c8;  1 drivers
v0x55a4f2f8a130_0 .net *"_ivl_95", 31 0, L_0x55a4f2f9df10;  1 drivers
L_0x7ff2dbe7a210 .functor BUFT 1, C4<00000000000000000000000000000001>, C4<0>, C4<0>, C4<0>;
v0x55a4f2f8a210_0 .net/2u *"_ivl_97", 31 0, L_0x7ff2dbe7a210;  1 drivers
v0x55a4f2f8a2f0 .array "mem", 0 15, 7 0;
v0x55a4f2f8a3b0_0 .var "rd_ptr", 4 0;
v0x55a4f2f8a490_0 .net "rd_ptr_gray", 4 0, L_0x55a4f2f9d710;  1 drivers
v0x55a4f2f8a570_0 .var "rd_ptr_sync1", 4 0;
v0x55a4f2f8a650_0 .var "rd_ptr_sync2", 4 0;
v0x55a4f2f8a730_0 .net "rd_ptr_sync_bin", 4 0, L_0x55a4f2f8c410;  1 drivers
v0x55a4f2f8a810_0 .var "wr_ptr", 4 0;
v0x55a4f2f8a8f0_0 .net "wr_ptr_gray", 4 0, L_0x55a4f2f8c8a0;  1 drivers
v0x55a4f2f8a9d0_0 .var "wr_ptr_sync1", 4 0;
v0x55a4f2f8aab0_0 .var "wr_ptr_sync2", 4 0;
v0x55a4f2f8ab90_0 .net "wr_ptr_sync_bin", 4 0, L_0x55a4f2f8c0b0;  1 drivers
E_0x55a4f2f53990 .event posedge, v0x55a4f2f882d0_0, v0x55a4f2f88020_0;
E_0x55a4f2f5d190 .event posedge, v0x55a4f2f885f0_0, v0x55a4f2f88390_0;
L_0x55a4f2f8adf0 .part L_0x55a4f2f8c410, 4, 1;
L_0x55a4f2f8aec0 .part v0x55a4f2f8a650_0, 3, 1;
L_0x55a4f2f8b040 .part L_0x55a4f2f8c410, 3, 1;
L_0x55a4f2f8b130 .part v0x55a4f2f8a650_0, 2, 1;
L_0x55a4f2f8b2f0 .part L_0x55a4f2f8c410, 2, 1;
L_0x55a4f2f8b390 .part v0x55a4f2f8a650_0, 1, 1;
L_0x55a4f2f8b580 .part L_0x55a4f2f8c410, 1, 1;
L_0x55a4f2f8b620 .part v0x55a4f2f8a650_0, 0, 1;
L_0x55a4f2f8b780 .part v0x55a4f2f8aab0_0, 4, 1;
L_0x55a4f2f8b820 .part L_0x55a4f2f8c0b0, 4, 1;
L_0x55a4f2f8b980 .part v0x55a4f2f8aab0_0, 3, 1;
L_0x55a4f2f8bb60 .part L_0x55a4f2f8c0b0, 3, 1;
L_0x55a4f2f8bcc0 .part v0x55a4f2f8aab0_0, 2, 1;
L_0x55a4f2f8be70 .part L_0x55a4f2f8c0b0, 2, 1;
L_0x55a4f2f8bf90 .part v0x55a4f2f8aab0_0, 1, 1;
LS_0x55a4f2f8c0b0_0_0 .concat8 [ 1 1 1 1], L_0x55a4f2f8c4b0, L_0x55a4f2f8bc50, L_0x55a4f2f8bd60, L_0x55a4f2f8ba50;
LS_0x55a4f2f8c0b0_0_4 .concat8 [ 1 0 0 0], L_0x55a4f2f8b780;
L_0x55a4f2f8c0b0 .concat8 [ 4 1 0 0], LS_0x55a4f2f8c0b0_0_0, LS_0x55a4f2f8c0b0_0_4;
L_0x55a4f2f8c2d0 .part L_0x55a4f2f8c0b0, 1, 1;
L_0x55a4f2f8c370 .part v0x55a4f2f8aab0_0, 0, 1;
L_0x55a4f2f8c610 .part v0x55a4f2f8a810_0, 1, 4;
L_0x55a4f2f8c6b0 .concat [ 4 1 0 0], L_0x55a4f2f8c610, L_0x7ff2dbe7a018;
LS_0x55a4f2f8c410_0_0 .concat8 [ 1 1 1 1], L_0x55a4f2f8b710, L_0x55a4f2f8b470, L_0x55a4f2f531a0, L_0x55a4f2f63ad0;
LS_0x55a4f2f8c410_0_4 .concat8 [ 1 0 0 0], L_0x55a4f2f8caf0;
L_0x55a4f2f8c410 .concat8 [ 4 1 0 0], LS_0x55a4f2f8c410_0_0, LS_0x55a4f2f8c410_0_4;
L_0x55a4f2f8caf0 .part v0x55a4f2f8a650_0, 4, 1;
L_0x55a4f2f8cca0 .part v0x55a4f2f8a810_0, 4, 1;
L_0x55a4f2f8cd40 .part L_0x55a4f2f8c410, 4, 1;
L_0x55a4f2f8cfc0 .part v0x55a4f2f8a810_0, 0, 4;
L_0x55a4f2f8d060 .part L_0x55a4f2f8c410, 0, 4;
L_0x55a4f2f8d1e0 .cmp/eq 4, L_0x55a4f2f8cfc0, L_0x55a4f2f8d060;
L_0x55a4f2f8d3e0 .concat [ 5 27 0 0], v0x55a4f2f8a810_0, L_0x7ff2dbe7a060;
L_0x55a4f2f9d580 .concat [ 5 27 0 0], L_0x55a4f2f8c410, L_0x7ff2dbe7a0a8;
L_0x55a4f2f9d670 .arith/sub 32, L_0x55a4f2f8d3e0, L_0x55a4f2f9d580;
L_0x55a4f2f9d920 .cmp/ge 32, L_0x55a4f2f9d670, L_0x7ff2dbe7a0f0;
L_0x55a4f2f9da60 .part v0x55a4f2f8a3b0_0, 1, 4;
L_0x55a4f2f9dc60 .concat [ 4 1 0 0], L_0x55a4f2f9da60, L_0x7ff2dbe7a138;
L_0x55a4f2f9de70 .cmp/eq 5, L_0x55a4f2f8c0b0, v0x55a4f2f8a3b0_0;
L_0x55a4f2f9e030 .concat [ 5 27 0 0], L_0x55a4f2f8c0b0, L_0x7ff2dbe7a180;
L_0x55a4f2f9e120 .concat [ 5 27 0 0], v0x55a4f2f8a3b0_0, L_0x7ff2dbe7a1c8;
L_0x55a4f2f9df10 .arith/sub 32, L_0x55a4f2f9e030, L_0x55a4f2f9e120;
L_0x55a4f2f9e3c0 .cmp/ge 32, L_0x7ff2dbe7a210, L_0x55a4f2f9df10;
L_0x55a4f2f9e640 .array/port v0x55a4f2f8a2f0, L_0x55a4f2f9e900;
L_0x55a4f2f9e6e0 .part v0x55a4f2f8a3b0_0, 0, 4;
L_0x55a4f2f9e900 .concat [ 4 2 0 0], L_0x55a4f2f9e6e0, L_0x7ff2dbe7a258;
S_0x55a4f2f660a0 .scope generate, "gray_to_bin[0]" "gray_to_bin[0]" 3 71, 3 71 0, S_0x55a4f2f17e80;
 .timescale 0 0;
P_0x55a4f2f4d780 .param/l "i" 0 3 71, +C4<00>;
L_0x55a4f2f8b710 .functor XOR 1, L_0x55a4f2f8b580, L_0x55a4f2f8b620, C4<0>, C4<0>;
v0x55a4f2f63bf0_0 .net *"_ivl_0", 0 0, L_0x55a4f2f8b580;  1 drivers
v0x55a4f2f63c90_0 .net *"_ivl_1", 0 0, L_0x55a4f2f8b620;  1 drivers
v0x55a4f2f64d10_0 .net *"_ivl_2", 0 0, L_0x55a4f2f8b710;  1 drivers
S_0x55a4f2f85390 .scope generate, "gray_to_bin[1]" "gray_to_bin[1]" 3 71, 3 71 0, S_0x55a4f2f17e80;
 .timescale 0 0;
P_0x55a4f2f855b0 .param/l "i" 0 3 71, +C4<01>;
L_0x55a4f2f8b470 .functor XOR 1, L_0x55a4f2f8b2f0, L_0x55a4f2f8b390, C4<0>, C4<0>;
v0x55a4f2f64e10_0 .net *"_ivl_0", 0 0, L_0x55a4f2f8b2f0;  1 drivers
v0x55a4f2f856b0_0 .net *"_ivl_1", 0 0, L_0x55a4f2f8b390;  1 drivers
v0x55a4f2f85790_0 .net *"_ivl_2", 0 0, L_0x55a4f2f8b470;  1 drivers
S_0x55a4f2f85850 .scope generate, "gray_to_bin[2]" "gray_to_bin[2]" 3 71, 3 71 0, S_0x55a4f2f17e80;
 .timescale 0 0;
P_0x55a4f2f85a80 .param/l "i" 0 3 71, +C4<010>;
L_0x55a4f2f531a0 .functor XOR 1, L_0x55a4f2f8b040, L_0x55a4f2f8b130, C4<0>, C4<0>;
v0x55a4f2f85b40_0 .net *"_ivl_0", 0 0, L_0x55a4f2f8b040;  1 drivers
v0x55a4f2f85c20_0 .net *"_ivl_1", 0 0, L_0x55a4f2f8b130;  1 drivers
v0x55a4f2f85d00_0 .net *"_ivl_2", 0 0, L_0x55a4f2f531a0;  1 drivers
S_0x55a4f2f85df0 .scope generate, "gray_to_bin[3]" "gray_to_bin[3]" 3 71, 3 71 0, S_0x55a4f2f17e80;
 .timescale 0 0;
P_0x55a4f2f85ff0 .param/l "i" 0 3 71, +C4<011>;
L_0x55a4f2f63ad0 .functor XOR 1, L_0x55a4f2f8adf0, L_0x55a4f2f8aec0, C4<0>, C4<0>;
v0x55a4f2f860d0_0 .net *"_ivl_0", 0 0, L_0x55a4f2f8adf0;  1 drivers
v0x55a4f2f861b0_0 .net *"_ivl_1", 0 0, L_0x55a4f2f8aec0;  1 drivers
v0x55a4f2f86290_0 .net *"_ivl_2", 0 0, L_0x55a4f2f63ad0;  1 drivers
S_0x55a4f2f86380 .scope generate, "sync_conv" "sync_conv" 3 113, 3 113 0, S_0x55a4f2f17e80;
 .timescale 0 0;
v0x55a4f2f87bf0_0 .net *"_ivl_0", 0 0, L_0x55a4f2f8b780;  1 drivers
S_0x55a4f2f865b0 .scope generate, "bit_conv[0]" "bit_conv[0]" 3 115, 3 115 0, S_0x55a4f2f86380;
 .timescale 0 0;
P_0x55a4f2f867d0 .param/l "i" 0 3 115, +C4<00>;
L_0x55a4f2f8c4b0 .functor XOR 1, L_0x55a4f2f8c2d0, L_0x55a4f2f8c370, C4<0>, C4<0>;
v0x55a4f2f868b0_0 .net *"_ivl_0", 0 0, L_0x55a4f2f8c2d0;  1 drivers
v0x55a4f2f86990_0 .net *"_ivl_1", 0 0, L_0x55a4f2f8c370;  1 drivers
v0x55a4f2f86a70_0 .net *"_ivl_2", 0 0, L_0x55a4f2f8c4b0;  1 drivers
S_0x55a4f2f86b30 .scope generate, "bit_conv[1]" "bit_conv[1]" 3 115, 3 115 0, S_0x55a4f2f86380;
 .timescale 0 0;
P_0x55a4f2f86d50 .param/l "i" 0 3 115, +C4<01>;
L_0x55a4f2f8bc50 .functor XOR 1, L_0x55a4f2f8be70, L_0x55a4f2f8bf90, C4<0>, C4<0>;
v0x55a4f2f86e10_0 .net *"_ivl_0", 0 0, L_0x55a4f2f8be70;  1 drivers
v0x55a4f2f86ef0_0 .net *"_ivl_1", 0 0, L_0x55a4f2f8bf90;  1 drivers
v0x55a4f2f86fd0_0 .net *"_ivl_2", 0 0, L_0x55a4f2f8bc50;  1 drivers
S_0x55a4f2f870c0 .scope generate, "bit_conv[2]" "bit_conv[2]" 3 115, 3 115 0, S_0x55a4f2f86380;
 .timescale 0 0;
P_0x55a4f2f872f0 .param/l "i" 0 3 115, +C4<010>;
L_0x55a4f2f8bd60 .functor XOR 1, L_0x55a4f2f8bb60, L_0x55a4f2f8bcc0, C4<0>, C4<0>;
v0x55a4f2f873b0_0 .net *"_ivl_0", 0 0, L_0x55a4f2f8bb60;  1 drivers
v0x55a4f2f87490_0 .net *"_ivl_1", 0 0, L_0x55a4f2f8bcc0;  1 drivers
v0x55a4f2f87570_0 .net *"_ivl_2", 0 0, L_0x55a4f2f8bd60;  1 drivers
S_0x55a4f2f87660 .scope generate, "bit_conv[3]" "bit_conv[3]" 3 115, 3 115 0, S_0x55a4f2f86380;
 .timescale 0 0;
P_0x55a4f2f87860 .param/l "i" 0 3 115, +C4<011>;
L_0x55a4f2f8ba50 .functor XOR 1, L_0x55a4f2f8b820, L_0x55a4f2f8b980, C4<0>, C4<0>;
v0x55a4f2f87940_0 .net *"_ivl_0", 0 0, L_0x55a4f2f8b820;  1 drivers
v0x55a4f2f87a20_0 .net *"_ivl_1", 0 0, L_0x55a4f2f8b980;  1 drivers
v0x55a4f2f87b00_0 .net *"_ivl_2", 0 0, L_0x55a4f2f8ba50;  1 drivers
    .scope S_0x55a4f2f17e80;
T_0 ;
    %wait E_0x55a4f2f5d190;
    %load/vec4 v0x55a4f2f885f0_0;
    %flag_set/vec4 8;
    %jmp/0xz  T_0.0, 8;
    %pushi/vec4 0, 0, 5;
    %assign/vec4 v0x55a4f2f8a810_0, 0;
    %jmp T_0.1;
T_0.0 ;
    %load/vec4 v0x55a4f2f88530_0;
    %load/vec4 v0x55a4f2f87f60_0;
    %nor/r;
    %and;
    %flag_set/vec4 8;
    %jmp/0xz  T_0.2, 8;
    %load/vec4 v0x55a4f2f88450_0;
    %load/vec4 v0x55a4f2f8a810_0;
    %parti/s 4, 0, 2;
    %pad/u 6;
    %ix/vec4 3;
    %ix/load 4, 0, 0; Constant delay
    %assign/vec4/a/d v0x55a4f2f8a2f0, 0, 4;
    %load/vec4 v0x55a4f2f8a810_0;
    %addi 1, 0, 5;
    %assign/vec4 v0x55a4f2f8a810_0, 0;
T_0.2 ;
T_0.1 ;
    %jmp T_0;
    .thread T_0;
    .scope S_0x55a4f2f17e80;
T_1 ;
    %wait E_0x55a4f2f5d190;
    %load/vec4 v0x55a4f2f885f0_0;
    %flag_set/vec4 8;
    %jmp/0xz  T_1.0, 8;
    %pushi/vec4 0, 0, 5;
    %assign/vec4 v0x55a4f2f8a570_0, 0;
    %pushi/vec4 0, 0, 5;
    %assign/vec4 v0x55a4f2f8a650_0, 0;
    %jmp T_1.1;
T_1.0 ;
    %load/vec4 v0x55a4f2f8a490_0;
    %assign/vec4 v0x55a4f2f8a570_0, 0;
    %load/vec4 v0x55a4f2f8a570_0;
    %assign/vec4 v0x55a4f2f8a650_0, 0;
T_1.1 ;
    %jmp T_1;
    .thread T_1;
    .scope S_0x55a4f2f17e80;
T_2 ;
    %wait E_0x55a4f2f53990;
    %load/vec4 v0x55a4f2f882d0_0;
    %flag_set/vec4 8;
    %jmp/0xz  T_2.0, 8;
    %pushi/vec4 0, 0, 5;
    %assign/vec4 v0x55a4f2f8a3b0_0, 0;
    %jmp T_2.1;
T_2.0 ;
    %load/vec4 v0x55a4f2f88210_0;
    %load/vec4 v0x55a4f2f87e90_0;
    %nor/r;
    %and;
    %flag_set/vec4 8;
    %jmp/0xz  T_2.2, 8;
    %load/vec4 v0x55a4f2f8a3b0_0;
    %addi 1, 0, 5;
    %assign/vec4 v0x55a4f2f8a3b0_0, 0;
T_2.2 ;
T_2.1 ;
    %jmp T_2;
    .thread T_2;
    .scope S_0x55a4f2f17e80;
T_3 ;
    %wait E_0x55a4f2f53990;
    %load/vec4 v0x55a4f2f882d0_0;
    %flag_set/vec4 8;
    %jmp/0xz  T_3.0, 8;
    %pushi/vec4 0, 0, 5;
    %assign/vec4 v0x55a4f2f8a9d0_0, 0;
    %pushi/vec4 0, 0, 5;
    %assign/vec4 v0x55a4f2f8aab0_0, 0;
    %jmp T_3.1;
T_3.0 ;
    %load/vec4 v0x55a4f2f8a8f0_0;
    %assign/vec4 v0x55a4f2f8a9d0_0, 0;
    %load/vec4 v0x55a4f2f8a9d0_0;
    %assign/vec4 v0x55a4f2f8aab0_0, 0;
T_3.1 ;
    %jmp T_3;
    .thread T_3;
# The file index is used to find the file name in the following table.
:file_names 4;
    "N/A";
    "<interactive>";
    "-";
    "/home/imp/work/uart/src/fifo.sv";
